mode: set
skill-match/backend/utils/errors.go:27.35,29.2 1 0
skill-match/backend/utils/errors.go:31.35,33.2 1 0
skill-match/backend/utils/errors.go:35.70,43.2 1 0
skill-match/backend/utils/errors.go:45.71,53.2 1 0
skill-match/backend/utils/errors.go:55.78,63.2 1 0
skill-match/backend/utils/errors.go:66.46,70.2 3 0
skill-match/backend/utils/file.go:26.89,27.15 1 0
skill-match/backend/utils/file.go:27.15,29.3 1 0
skill-match/backend/utils/file.go:30.2,30.30 1 0
skill-match/backend/utils/file.go:30.30,32.3 1 0
skill-match/backend/utils/file.go:34.2,36.9 3 0
skill-match/backend/utils/file.go:36.9,38.3 1 0
skill-match/backend/utils/file.go:40.2,40.33 1 0
skill-match/backend/utils/file.go:40.33,42.3 1 0
skill-match/backend/utils/file.go:44.2,44.63 1 0
skill-match/backend/utils/file.go:44.63,46.3 1 0
skill-match/backend/utils/file.go:48.2,48.12 1 0
skill-match/backend/utils/file.go:51.65,54.9 3 0
skill-match/backend/utils/file.go:54.9,56.3 1 0
skill-match/backend/utils/file.go:58.2,58.35 1 0
skill-match/backend/utils/file.go:58.35,60.3 1 0
skill-match/backend/utils/file.go:62.2,62.54 1 0
skill-match/backend/utils/file.go:62.54,64.3 1 0
skill-match/backend/utils/file.go:66.2,66.12 1 0
skill-match/backend/utils/file.go:69.35,70.22 1 0
skill-match/backend/utils/file.go:70.22,72.3 1 0
skill-match/backend/utils/file.go:73.2,73.19 1 0
skill-match/backend/utils/file.go:73.19,74.19 1 0
skill-match/backend/utils/file.go:74.19,76.4 1 0
skill-match/backend/utils/file.go:78.2,78.13 1 0
skill-match/backend/utils/file.go:81.62,83.42 2 0
skill-match/backend/utils/file.go:83.42,85.3 1 0
skill-match/backend/utils/file.go:86.2,87.43 2 0
skill-match/backend/utils/file.go:95.105,97.16 2 0
skill-match/backend/utils/file.go:97.16,99.3 1 0
skill-match/backend/utils/file.go:101.2,101.63 1 0
skill-match/backend/utils/file.go:101.63,103.56 1 0
skill-match/backend/utils/file.go:103.56,105.4 1 0
skill-match/backend/utils/file.go:106.3,106.80 1 0
skill-match/backend/utils/file.go:109.2,109.12 1 0
skill-match/backend/utils/jwt.go:22.73,27.2 1 0
skill-match/backend/utils/jwt.go:30.74,46.2 4 0
skill-match/backend/utils/jwt.go:49.73,53.47 1 0
skill-match/backend/utils/jwt.go:53.47,54.46 1 0
skill-match/backend/utils/jwt.go:54.46,56.5 1 0
skill-match/backend/utils/jwt.go:58.4,58.24 1 0
skill-match/backend/utils/jwt.go:62.2,62.16 1 0
skill-match/backend/utils/jwt.go:62.16,64.3 1 0
skill-match/backend/utils/jwt.go:66.2,67.25 2 0
skill-match/backend/utils/jwt.go:67.25,69.3 1 0
skill-match/backend/utils/jwt.go:71.2,71.20 1 0
skill-match/backend/utils/password.go:5.52,11.16 2 0
skill-match/backend/utils/password.go:11.16,13.3 1 0
skill-match/backend/utils/password.go:15.2,15.26 1 0
skill-match/backend/utils/password.go:18.48,25.2 2 0
skill-match/backend/utils/response.go:18.51,21.9 2 0
skill-match/backend/utils/response.go:21.9,28.3 3 0
skill-match/backend/utils/response.go:30.2,35.4 2 0
skill-match/backend/utils/response.go:38.68,40.2 1 0
skill-match/backend/utils/response.go:42.68,45.59 3 0
skill-match/backend/utils/response.go:45.59,47.3 1 0
skill-match/backend/utils/validator.go:20.75,21.15 1 1
skill-match/backend/utils/validator.go:21.15,23.3 1 1
skill-match/backend/utils/validator.go:25.2,25.26 1 1
skill-match/backend/utils/validator.go:25.26,27.3 1 1
skill-match/backend/utils/validator.go:29.2,31.49 2 1
skill-match/backend/utils/validator.go:31.49,33.3 1 1
skill-match/backend/utils/validator.go:36.2,39.33 3 1
skill-match/backend/utils/validator.go:39.33,41.3 1 0
skill-match/backend/utils/validator.go:43.2,45.61 2 1
skill-match/backend/utils/validator.go:45.61,47.3 1 1
skill-match/backend/utils/validator.go:51.2,53.49 1 1
skill-match/backend/utils/validator.go:53.49,55.3 1 1
skill-match/backend/utils/validator.go:57.2,57.12 1 1
skill-match/backend/clients/bedrock.go:20.92,21.19 1 0
skill-match/backend/clients/bedrock.go:21.19,23.3 1 0
skill-match/backend/clients/bedrock.go:25.2,26.16 2 0
skill-match/backend/clients/bedrock.go:26.16,28.3 1 0
skill-match/backend/clients/bedrock.go:30.2,33.8 1 0
skill-match/backend/clients/bedrock.go:53.94,63.16 3 0
skill-match/backend/clients/bedrock.go:63.16,65.3 1 0
skill-match/backend/clients/bedrock.go:67.2,72.16 2 0
skill-match/backend/clients/bedrock.go:72.16,74.3 1 0
skill-match/backend/clients/bedrock.go:76.2,77.63 2 0
skill-match/backend/clients/bedrock.go:77.63,79.3 1 0
skill-match/backend/clients/bedrock.go:81.2,81.32 1 0
skill-match/backend/clients/bedrock.go:81.32,83.3 1 0
skill-match/backend/clients/bedrock.go:85.2,85.38 1 0
skill-match/backend/clients/bedrock.go:92.45,94.29 2 1
skill-match/backend/clients/bedrock.go:94.29,95.29 1 1
skill-match/backend/clients/bedrock.go:96.30,97.76 1 1
skill-match/backend/clients/bedrock.go:98.32,99.63 1 0
skill-match/backend/clients/bedrock.go:100.30,101.57 1 0
skill-match/backend/clients/bedrock.go:102.32,103.59 1 0
skill-match/backend/clients/bedrock.go:104.11,105.67 1 0
skill-match/backend/clients/bedrock.go:108.2,108.50 1 0
skill-match/backend/clients/cockroach.go:43.49,44.21 1 0
skill-match/backend/clients/cockroach.go:44.21,46.3 1 0
skill-match/backend/clients/cockroach.go:47.2,47.21 1 0
skill-match/backend/clients/cockroach.go:47.21,49.3 1 0
skill-match/backend/clients/cockroach.go:50.2,50.28 1 0
skill-match/backend/clients/cockroach.go:50.28,52.3 1 0
skill-match/backend/clients/cockroach.go:53.2,53.28 1 0
skill-match/backend/clients/cockroach.go:53.28,55.3 1 0
skill-match/backend/clients/cockroach.go:56.2,56.30 1 0
skill-match/backend/clients/cockroach.go:56.30,58.3 1 0
skill-match/backend/clients/cockroach.go:59.2,59.27 1 0
skill-match/backend/clients/cockroach.go:59.27,61.3 1 0
skill-match/backend/clients/cockroach.go:62.2,62.10 1 0
skill-match/backend/clients/cockroach.go:74.88,75.15 1 0
skill-match/backend/clients/cockroach.go:75.15,77.3 1 0
skill-match/backend/clients/cockroach.go:78.2,81.16 3 0
skill-match/backend/clients/cockroach.go:81.16,83.3 1 0
skill-match/backend/clients/cockroach.go:85.2,96.16 10 0
skill-match/backend/clients/cockroach.go:96.16,98.3 1 0
skill-match/backend/clients/cockroach.go:100.2,100.46 1 0
skill-match/backend/clients/cockroach.go:100.46,103.3 2 0
skill-match/backend/clients/cockroach.go:105.2,105.18 1 0
skill-match/backend/clients/cockroach.go:111.65,112.17 1 0
skill-match/backend/clients/cockroach.go:112.17,114.3 1 0
skill-match/backend/clients/cockroach.go:115.2,118.43 3 0
skill-match/backend/clients/cockroach.go:118.43,120.3 1 0
skill-match/backend/clients/cockroach.go:121.2,121.12 1 0
skill-match/backend/clients/mcp.go:22.75,23.20 1 1
skill-match/backend/clients/mcp.go:23.20,25.3 1 0
skill-match/backend/clients/mcp.go:26.2,26.18 1 1
skill-match/backend/clients/mcp.go:26.18,28.3 1 0
skill-match/backend/clients/mcp.go:29.2,29.21 1 1
skill-match/backend/clients/mcp.go:29.21,31.3 1 0
skill-match/backend/clients/mcp.go:33.2,38.8 1 1
skill-match/backend/clients/mcp.go:59.110,61.16 2 1
skill-match/backend/clients/mcp.go:61.16,63.3 1 0
skill-match/backend/clients/mcp.go:65.2,66.16 2 1
skill-match/backend/clients/mcp.go:66.16,68.3 1 0
skill-match/backend/clients/mcp.go:69.2,74.16 5 1
skill-match/backend/clients/mcp.go:74.16,76.3 1 0
skill-match/backend/clients/mcp.go:77.2,80.16 3 1
skill-match/backend/clients/mcp.go:80.16,82.3 1 0
skill-match/backend/clients/mcp.go:84.2,84.38 1 1
skill-match/backend/clients/mcp.go:84.38,86.3 1 0
skill-match/backend/clients/mcp.go:88.2,89.55 2 1
skill-match/backend/clients/mcp.go:89.55,91.3 1 0
skill-match/backend/clients/mcp.go:93.2,93.26 1 1
skill-match/backend/clients/mcp.go:93.26,95.3 1 0
skill-match/backend/clients/mcp.go:97.2,97.28 1 1
skill-match/backend/clients/mcp.go:101.41,102.16 1 0
skill-match/backend/clients/mcp.go:102.16,104.3 1 0
skill-match/backend/clients/mcp.go:105.2,105.84 1 0
skill-match/backend/clients/s3.go:20.81,21.18 1 0
skill-match/backend/clients/s3.go:21.18,23.3 1 0
skill-match/backend/clients/s3.go:25.2,26.16 2 0
skill-match/backend/clients/s3.go:26.16,28.3 1 0
skill-match/backend/clients/s3.go:30.2,36.8 2 0
skill-match/backend/clients/s3.go:40.54,42.2 1 0
skill-match/backend/clients/s3.go:45.118,51.16 2 0
skill-match/backend/clients/s3.go:51.16,53.3 1 0
skill-match/backend/clients/s3.go:54.2,54.25 1 0
skill-match/backend/clients/s3.go:58.107,63.16 2 0
skill-match/backend/clients/s3.go:63.16,65.3 1 0
skill-match/backend/clients/s3.go:66.2,66.25 1 0
skill-match/backend/clients/s3.go:69.66,74.16 2 0
skill-match/backend/clients/s3.go:74.16,76.3 1 0
skill-match/backend/clients/s3.go:77.2,77.12 1 0
skill-match/backend/clients/s3.go:81.78,86.16 2 0
skill-match/backend/clients/s3.go:86.16,88.3 1 0
skill-match/backend/clients/s3.go:89.2,92.16 3 0
skill-match/backend/clients/s3.go:92.16,94.3 1 0
skill-match/backend/clients/s3.go:95.2,95.18 1 0
skill-match/backend/middleware/auth.go:21.73,22.46 1 0
skill-match/backend/middleware/auth.go:22.46,23.72 1 0
skill-match/backend/middleware/auth.go:23.72,26.24 2 0
skill-match/backend/middleware/auth.go:26.24,31.5 2 0
skill-match/backend/middleware/auth.go:33.4,35.65 2 0
skill-match/backend/middleware/auth.go:35.65,40.5 2 0
skill-match/backend/middleware/auth.go:42.4,44.19 2 0
skill-match/backend/middleware/auth.go:44.19,49.5 2 0
skill-match/backend/middleware/auth.go:51.4,52.18 2 0
skill-match/backend/middleware/auth.go:52.18,57.5 2 0
skill-match/backend/middleware/auth.go:59.4,59.46 1 0
skill-match/backend/middleware/auth.go:59.46,64.5 2 0
skill-match/backend/middleware/auth.go:66.4,78.41 3 0
skill-match/backend/middleware/auth.go:84.48,88.44 2 0
skill-match/backend/middleware/auth.go:88.44,90.3 1 0
skill-match/backend/middleware/auth.go:92.2,92.21 1 0
skill-match/backend/middleware/auth.go:96.59,99.2 2 0
skill-match/backend/middleware/auth.go:105.3,110.2 3 0
skill-match/backend/middleware/cors.go:5.43,6.71 1 0
skill-match/backend/middleware/cors.go:6.71,10.37 4 0
skill-match/backend/middleware/cors.go:10.37,13.4 2 0
skill-match/backend/middleware/cors.go:14.3,14.23 1 0
skill-match/backend/middleware/logging.go:11.46,12.71 1 0
skill-match/backend/middleware/logging.go:12.71,16.3 3 0
skill-match/backend/middleware/logging.go:33.37,41.45 6 0
skill-match/backend/middleware/logging.go:41.45,42.22 1 0
skill-match/backend/middleware/logging.go:42.22,44.4 1 0
skill-match/backend/middleware/logging.go:46.2,49.36 3 0
skill-match/backend/middleware/logging.go:49.36,51.3 1 0
skill-match/backend/middleware/middleware.go:7.60,8.37 1 0
skill-match/backend/middleware/middleware.go:8.37,10.3 1 0
skill-match/backend/middleware/middleware.go:11.2,11.10 1 0
skill-match/backend/middleware/recovery.go:8.47,9.71 1 0
skill-match/backend/middleware/recovery.go:9.71,10.16 1 0
skill-match/backend/middleware/recovery.go:10.16,11.36 1 0
skill-match/backend/middleware/recovery.go:11.36,14.5 2 0
skill-match/backend/middleware/recovery.go:16.3,16.23 1 0
skill-match/backend/repositories/conversation.go:30.40,31.11 1 0
skill-match/backend/repositories/conversation.go:32.79,33.14 1 0
skill-match/backend/repositories/conversation.go:34.10,35.15 1 0
skill-match/backend/repositories/conversation.go:60.74,62.2 1 0
skill-match/backend/repositories/conversation.go:68.102,69.51 1 0
skill-match/backend/repositories/conversation.go:69.51,71.3 1 0
skill-match/backend/repositories/conversation.go:72.2,72.21 1 0
skill-match/backend/repositories/conversation.go:72.21,74.3 1 0
skill-match/backend/repositories/conversation.go:76.2,82.30 3 0
skill-match/backend/repositories/conversation.go:89.115,90.21 1 0
skill-match/backend/repositories/conversation.go:90.21,92.3 1 0
skill-match/backend/repositories/conversation.go:94.2,95.16 2 0
skill-match/backend/repositories/conversation.go:95.16,97.3 1 0
skill-match/backend/repositories/conversation.go:98.2,106.26 4 0
skill-match/backend/repositories/conversation.go:106.26,107.71 1 0
skill-match/backend/repositories/conversation.go:107.71,109.4 1 0
skill-match/backend/repositories/conversation.go:110.3,112.17 3 0
skill-match/backend/repositories/conversation.go:112.17,114.4 1 0
skill-match/backend/repositories/conversation.go:115.3,115.23 1 0
skill-match/backend/repositories/conversation.go:118.2,118.39 1 0
skill-match/backend/repositories/conversation.go:118.39,120.3 1 0
skill-match/backend/repositories/conversation.go:121.2,121.17 1 0
skill-match/backend/repositories/conversation.go:127.125,128.16 1 0
skill-match/backend/repositories/conversation.go:128.16,130.3 1 0
skill-match/backend/repositories/conversation.go:134.2,141.16 3 0
skill-match/backend/repositories/conversation.go:141.16,143.3 1 0
skill-match/backend/repositories/conversation.go:144.2,147.18 3 0
skill-match/backend/repositories/conversation.go:147.18,149.17 2 0
skill-match/backend/repositories/conversation.go:149.17,151.4 1 0
skill-match/backend/repositories/conversation.go:152.3,152.23 1 0
skill-match/backend/repositories/conversation.go:154.2,154.35 1 0
skill-match/backend/repositories/conversation.go:154.35,156.3 1 0
skill-match/backend/repositories/conversation.go:158.2,158.52 1 0
skill-match/backend/repositories/conversation.go:158.52,160.3 1 0
skill-match/backend/repositories/conversation.go:161.2,161.17 1 0
skill-match/backend/repositories/conversation.go:166.91,169.53 2 0
skill-match/backend/repositories/conversation.go:169.53,171.3 1 0
skill-match/backend/repositories/conversation.go:172.2,172.12 1 0
skill-match/backend/repositories/conversation.go:179.58,181.16 2 0
skill-match/backend/repositories/conversation.go:181.16,182.36 1 0
skill-match/backend/repositories/conversation.go:182.36,184.4 1 0
skill-match/backend/repositories/conversation.go:185.3,185.70 1 0
skill-match/backend/repositories/conversation.go:187.2,187.15 1 0
skill-match/backend/repositories/conversation.go:190.69,193.83 3 0
skill-match/backend/repositories/conversation.go:193.83,195.3 1 0
skill-match/backend/repositories/conversation.go:196.2,197.15 2 0
skill-match/backend/repositories/embedding.go:37.43,38.11 1 0
skill-match/backend/repositories/embedding.go:39.78,40.14 1 0
skill-match/backend/repositories/embedding.go:41.10,42.15 1 0
skill-match/backend/repositories/embedding.go:74.68,76.2 1 0
skill-match/backend/repositories/embedding.go:85.93,86.52 1 0
skill-match/backend/repositories/embedding.go:86.52,88.3 1 0
skill-match/backend/repositories/embedding.go:89.2,89.27 1 0
skill-match/backend/repositories/embedding.go:89.27,91.3 1 0
skill-match/backend/repositories/embedding.go:92.2,92.35 1 0
skill-match/backend/repositories/embedding.go:92.35,94.3 1 0
skill-match/backend/repositories/embedding.go:96.2,104.27 3 0
skill-match/backend/repositories/embedding.go:109.133,112.2 2 0
skill-match/backend/repositories/embedding.go:124.169,125.38 1 0
skill-match/backend/repositories/embedding.go:125.38,127.3 1 0
skill-match/backend/repositories/embedding.go:128.2,128.12 1 0
skill-match/backend/repositories/embedding.go:128.12,130.3 1 0
skill-match/backend/repositories/embedding.go:132.2,142.16 4 0
skill-match/backend/repositories/embedding.go:142.16,144.3 1 0
skill-match/backend/repositories/embedding.go:145.2,148.18 3 0
skill-match/backend/repositories/embedding.go:148.18,150.17 2 0
skill-match/backend/repositories/embedding.go:150.17,152.4 1 0
skill-match/backend/repositories/embedding.go:153.3,153.25 1 0
skill-match/backend/repositories/embedding.go:155.2,155.35 1 0
skill-match/backend/repositories/embedding.go:155.35,157.3 1 0
skill-match/backend/repositories/embedding.go:158.2,158.17 1 0
skill-match/backend/repositories/embedding.go:164.122,167.67 2 0
skill-match/backend/repositories/embedding.go:167.67,169.3 1 0
skill-match/backend/repositories/embedding.go:170.2,170.12 1 0
skill-match/backend/repositories/embedding.go:177.52,182.16 5 0
skill-match/backend/repositories/embedding.go:182.16,183.36 1 0
skill-match/backend/repositories/embedding.go:183.36,185.4 1 0
skill-match/backend/repositories/embedding.go:186.3,186.67 1 0
skill-match/backend/repositories/embedding.go:188.2,190.15 3 0
skill-match/backend/repositories/embedding.go:193.74,198.16 5 0
skill-match/backend/repositories/embedding.go:198.16,200.3 1 0
skill-match/backend/repositories/embedding.go:201.2,203.16 3 0
skill-match/backend/repositories/resume.go:31.36,32.11 1 0
skill-match/backend/repositories/resume.go:33.89,34.14 1 0
skill-match/backend/repositories/resume.go:35.10,36.15 1 0
skill-match/backend/repositories/resume.go:66.62,68.2 1 0
skill-match/backend/repositories/resume.go:76.86,77.85 1 0
skill-match/backend/repositories/resume.go:77.85,79.3 1 0
skill-match/backend/repositories/resume.go:80.2,80.28 1 0
skill-match/backend/repositories/resume.go:80.28,82.3 1 0
skill-match/backend/repositories/resume.go:84.2,93.24 3 0
skill-match/backend/repositories/resume.go:98.85,101.2 2 0
skill-match/backend/repositories/resume.go:105.107,106.16 1 0
skill-match/backend/repositories/resume.go:106.16,108.3 1 0
skill-match/backend/repositories/resume.go:110.2,117.16 3 0
skill-match/backend/repositories/resume.go:117.16,119.3 1 0
skill-match/backend/repositories/resume.go:120.2,123.18 3 0
skill-match/backend/repositories/resume.go:123.18,125.17 2 0
skill-match/backend/repositories/resume.go:125.17,127.4 1 0
skill-match/backend/repositories/resume.go:128.3,128.25 1 0
skill-match/backend/repositories/resume.go:130.2,130.35 1 0
skill-match/backend/repositories/resume.go:130.35,132.3 1 0
skill-match/backend/repositories/resume.go:133.2,133.17 1 0
skill-match/backend/repositories/resume.go:140.135,141.21 1 0
skill-match/backend/repositories/resume.go:141.21,143.3 1 0
skill-match/backend/repositories/resume.go:145.2,151.16 3 0
skill-match/backend/repositories/resume.go:151.16,153.3 1 0
skill-match/backend/repositories/resume.go:154.2,154.29 1 0
skill-match/backend/repositories/resume.go:154.29,156.3 1 0
skill-match/backend/repositories/resume.go:157.2,157.12 1 0
skill-match/backend/repositories/resume.go:163.73,167.16 3 0
skill-match/backend/repositories/resume.go:167.16,169.3 1 0
skill-match/backend/repositories/resume.go:170.2,170.29 1 0
skill-match/backend/repositories/resume.go:170.29,172.3 1 0
skill-match/backend/repositories/resume.go:173.2,173.12 1 0
skill-match/backend/repositories/resume.go:182.46,184.16 2 0
skill-match/backend/repositories/resume.go:184.16,185.36 1 0
skill-match/backend/repositories/resume.go:185.36,187.4 1 0
skill-match/backend/repositories/resume.go:188.3,188.64 1 0
skill-match/backend/repositories/resume.go:190.2,190.17 1 0
skill-match/backend/repositories/resume.go:193.50,199.16 4 0
skill-match/backend/repositories/resume.go:199.16,201.3 1 0
skill-match/backend/repositories/resume.go:202.2,203.17 2 0
skill-match/backend/repositories/user.go:52.58,54.2 1 0
skill-match/backend/repositories/user.go:61.78,62.74 1 0
skill-match/backend/repositories/user.go:62.74,64.3 1 0
skill-match/backend/repositories/user.go:66.2,77.62 5 0
skill-match/backend/repositories/user.go:77.62,78.29 1 0
skill-match/backend/repositories/user.go:78.29,80.4 1 0
skill-match/backend/repositories/user.go:81.3,81.63 1 0
skill-match/backend/repositories/user.go:84.2,84.17 1 0
skill-match/backend/repositories/user.go:89.81,96.2 2 0
skill-match/backend/repositories/user.go:101.87,108.2 2 0
skill-match/backend/repositories/user.go:112.96,113.27 1 0
skill-match/backend/repositories/user.go:113.27,115.3 1 0
skill-match/backend/repositories/user.go:117.2,123.16 3 0
skill-match/backend/repositories/user.go:123.16,125.3 1 0
skill-match/backend/repositories/user.go:126.2,126.29 1 0
skill-match/backend/repositories/user.go:126.29,128.3 1 0
skill-match/backend/repositories/user.go:129.2,129.12 1 0
skill-match/backend/repositories/user.go:134.87,141.16 3 0
skill-match/backend/repositories/user.go:141.16,143.3 1 0
skill-match/backend/repositories/user.go:144.2,144.29 1 0
skill-match/backend/repositories/user.go:144.29,146.3 1 0
skill-match/backend/repositories/user.go:147.2,147.12 1 0
skill-match/backend/repositories/user.go:153.71,157.16 3 0
skill-match/backend/repositories/user.go:157.16,159.3 1 0
skill-match/backend/repositories/user.go:160.2,160.29 1 0
skill-match/backend/repositories/user.go:160.29,162.3 1 0
skill-match/backend/repositories/user.go:163.2,163.12 1 0
skill-match/backend/repositories/user.go:169.97,175.9 4 0
skill-match/backend/repositories/user.go:176.18,177.16 1 0
skill-match/backend/repositories/user.go:178.37,179.30 1 0
skill-match/backend/repositories/user.go:180.10,181.62 1 0
skill-match/backend/repositories/user.go:187.40,190.2 2 0
skill-match/backend/routes/mux.go:5.30,7.2 1 0
skill-match/backend/routes/routes.go:11.66,12.38 1 0
skill-match/backend/routes/routes.go:12.38,14.3 1 0
skill-match/backend/routes/routes.go:17.41,19.2 1 0
skill-match/backend/routes/routes.go:21.64,24.2 2 0
skill-match/backend/routes/routes.go:26.60,30.2 3 0
skill-match/backend/cmd/api/main.go:21.13,31.27 5 0
skill-match/backend/cmd/api/main.go:31.27,35.17 3 0
skill-match/backend/cmd/api/main.go:35.17,37.4 1 0
skill-match/backend/cmd/api/main.go:38.3,44.65 3 0
skill-match/backend/cmd/api/main.go:45.8,47.3 1 0
skill-match/backend/cmd/api/main.go:49.2,56.67 3 0
skill-match/backend/cmd/api/main.go:56.67,58.3 1 0
skill-match/backend/cmd/api/main.go:64.43,65.25 1 0
skill-match/backend/cmd/api/main.go:65.25,67.3 1 0
skill-match/backend/cmd/api/main.go:68.2,69.20 2 0
skill-match/backend/cmd/api/main.go:72.25,74.42 2 0
skill-match/backend/cmd/api/main.go:74.42,76.3 1 0
skill-match/backend/cmd/api/main.go:77.2,77.32 1 0
skill-match/backend/config/config.go:21.21,37.2 2 0
skill-match/backend/config/env.go:10.20,11.40 1 0
skill-match/backend/config/env.go:11.40,13.3 1 0
skill-match/backend/config/env.go:16.42,17.42 1 0
skill-match/backend/config/env.go:17.42,19.3 1 0
skill-match/backend/config/env.go:20.2,20.17 1 0
skill-match/backend/config/env.go:24.36,26.17 2 0
skill-match/backend/config/env.go:26.17,28.3 1 0
skill-match/backend/config/env.go:29.2,29.14 1 0
skill-match/backend/config/env.go:32.25,34.2 1 0
skill-match/backend/config/env.go:36.24,38.2 1 0
skill-match/backend/config/env.go:40.29,42.2 1 0
skill-match/backend/config/env.go:44.30,46.2 1 0
skill-match/backend/config/env.go:48.27,50.2 1 0
skill-match/backend/config/env.go:52.25,54.2 1 0
skill-match/backend/config/env.go:56.28,58.2 1 0
skill-match/backend/handlers/auth.go:28.69,32.2 1 0
skill-match/backend/handlers/auth.go:35.72,36.33 1 0
skill-match/backend/handlers/auth.go:36.33,41.3 2 0
skill-match/backend/handlers/auth.go:43.2,45.65 2 0
skill-match/backend/handlers/auth.go:45.65,50.3 2 0
skill-match/backend/handlers/auth.go:52.2,59.16 2 0
skill-match/backend/handlers/auth.go:59.16,60.10 1 0
skill-match/backend/handlers/auth.go:61.49,64.6 1 0
skill-match/backend/handlers/auth.go:66.52,69.6 1 0
skill-match/backend/handlers/auth.go:71.54,74.6 1 0
skill-match/backend/handlers/auth.go:76.11,79.6 1 0
skill-match/backend/handlers/auth.go:82.3,82.9 1 0
skill-match/backend/handlers/auth.go:85.2,89.4 1 0
skill-match/backend/handlers/auth.go:93.69,94.33 1 0
skill-match/backend/handlers/auth.go:94.33,99.3 2 0
skill-match/backend/handlers/auth.go:101.2,103.65 2 0
skill-match/backend/handlers/auth.go:103.65,108.3 2 0
skill-match/backend/handlers/auth.go:110.2,116.16 2 0
skill-match/backend/handlers/auth.go:116.16,117.53 1 0
skill-match/backend/handlers/auth.go:117.53,122.4 2 0
skill-match/backend/handlers/auth.go:124.3,127.9 2 0
skill-match/backend/handlers/auth.go:130.2,134.4 1 0
skill-match/backend/handlers/auth.go:141.3,145.56 3 0
skill-match/backend/handlers/auth.go:145.56,147.3 1 0
skill-match/backend/handlers/resume.go:19.18,23.2 1 0
skill-match/backend/handlers/resume.go:29.3,30.33 1 0
skill-match/backend/handlers/resume.go:30.33,39.3 2 0
skill-match/backend/handlers/resume.go:41.2,49.16 2 0
skill-match/backend/handlers/resume.go:49.16,58.3 2 0
skill-match/backend/handlers/resume.go:60.2,61.16 2 0
skill-match/backend/handlers/resume.go:61.16,70.3 2 0
skill-match/backend/handlers/resume.go:71.2,76.44 4 0
skill-match/backend/handlers/resume.go:76.44,85.3 2 0
skill-match/backend/handlers/resume.go:87.2,97.16 2 0
skill-match/backend/handlers/resume.go:97.16,98.10 1 0
skill-match/backend/handlers/resume.go:99.49,106.5 1 0
skill-match/backend/handlers/resume.go:108.46,115.5 1 0
skill-match/backend/handlers/resume.go:117.43,124.5 1 0
skill-match/backend/handlers/resume.go:126.11,133.5 1 0
skill-match/backend/handlers/resume.go:136.3,136.9 1 0
skill-match/backend/handlers/resume.go:139.2,148.3 1 0
skill-match/backend/handlers/resume.go:155.3,156.32 1 0
skill-match/backend/handlers/resume.go:156.32,165.3 2 0
skill-match/backend/handlers/resume.go:167.2,176.44 4 0
skill-match/backend/handlers/resume.go:176.44,185.3 2 0
skill-match/backend/handlers/resume.go:187.2,189.39 2 0
skill-match/backend/handlers/resume.go:189.39,198.3 2 0
skill-match/backend/handlers/resume.go:200.2,202.16 1 0
skill-match/backend/handlers/resume.go:202.16,211.3 2 0
skill-match/backend/handlers/resume.go:213.2,214.16 2 0
skill-match/backend/handlers/resume.go:214.16,223.3 2 0
skill-match/backend/handlers/resume.go:224.2,237.16 3 0
skill-match/backend/handlers/resume.go:237.16,238.10 1 0
skill-match/backend/handlers/resume.go:239.51,246.5 1 0
skill-match/backend/handlers/resume.go:248.55,255.5 1 0
skill-match/backend/handlers/resume.go:257.49,264.5 1 0
skill-match/backend/handlers/resume.go:266.46,273.5 1 0
skill-match/backend/handlers/resume.go:275.43,282.5 1 0
skill-match/backend/handlers/resume.go:284.11,291.5 1 0
skill-match/backend/handlers/resume.go:294.3,294.9 1 0
skill-match/backend/handlers/resume.go:297.2,307.3 1 0
skill-match/backend/handlers/resume.go:314.3,315.35 1 0
skill-match/backend/handlers/resume.go:315.35,324.3 2 0
skill-match/backend/handlers/resume.go:327.2,330.44 3 0
skill-match/backend/handlers/resume.go:330.44,339.3 2 0
skill-match/backend/handlers/resume.go:343.2,347.20 2 0
skill-match/backend/handlers/resume.go:347.20,356.3 2 0
skill-match/backend/handlers/resume.go:358.2,364.16 2 0
skill-match/backend/handlers/resume.go:364.16,365.10 1 0
skill-match/backend/handlers/resume.go:366.51,373.5 1 0
skill-match/backend/handlers/resume.go:375.55,382.5 1 0
skill-match/backend/handlers/resume.go:384.11,391.5 1 0
skill-match/backend/handlers/resume.go:394.3,394.9 1 0
skill-match/backend/handlers/resume.go:397.2,404.3 1 0
skill-match/backend/handlers/resume.go:412.3,421.2 3 0
skill-match/backend/services/ai.go:66.17,71.2 1 0
skill-match/backend/services/ai.go:84.19,91.16 2 0
skill-match/backend/services/ai.go:91.16,92.53 1 0
skill-match/backend/services/ai.go:92.53,94.4 1 0
skill-match/backend/services/ai.go:96.3,100.4 1 0
skill-match/backend/services/ai.go:103.2,103.19 1 0
skill-match/backend/services/ai.go:103.19,105.3 1 0
skill-match/backend/services/ai.go:108.2,108.35 1 0
skill-match/backend/services/ai.go:108.35,110.3 1 0
skill-match/backend/services/ai.go:112.2,112.43 1 0
skill-match/backend/services/ai.go:112.43,117.3 1 0
skill-match/backend/services/ai.go:120.2,126.16 1 0
skill-match/backend/services/ai.go:126.16,132.3 1 0
skill-match/backend/services/ai.go:135.2,139.16 2 0
skill-match/backend/services/ai.go:139.16,145.3 1 0
skill-match/backend/services/ai.go:148.2,155.19 3 0
skill-match/backend/services/ai.go:156.14,157.35 1 0
skill-match/backend/services/ai.go:159.15,160.36 1 0
skill-match/backend/services/ai.go:162.10,170.4 1 0
skill-match/backend/services/ai.go:173.2,173.16 1 0
skill-match/backend/services/ai.go:173.16,182.3 1 0
skill-match/backend/services/ai.go:184.2,186.16 2 0
skill-match/backend/services/ai.go:186.16,192.3 1 0
skill-match/backend/services/ai.go:195.2,201.16 1 0
skill-match/backend/services/ai.go:201.16,207.3 1 0
skill-match/backend/services/ai.go:209.2,209.18 1 0
skill-match/backend/services/ai.go:218.9,222.25 2 0
skill-match/backend/services/ai.go:222.25,224.3 1 0
skill-match/backend/services/ai.go:226.2,234.16 2 0
skill-match/backend/services/ai.go:234.16,241.3 1 0
skill-match/backend/services/ai.go:243.2,247.3 1 0
skill-match/backend/services/ai.go:254.50,256.20 1 0
skill-match/backend/services/ai.go:256.20,258.3 1 0
skill-match/backend/services/ai.go:260.2,266.16 3 0
skill-match/backend/services/ai.go:266.16,271.3 1 0
skill-match/backend/services/ai.go:273.2,274.16 2 0
skill-match/backend/services/ai.go:274.16,279.3 1 0
skill-match/backend/services/ai.go:281.2,282.16 2 0
skill-match/backend/services/ai.go:282.16,287.3 1 0
skill-match/backend/services/ai.go:289.2,289.26 1 0
skill-match/backend/services/ai.go:294.51,296.20 1 0
skill-match/backend/services/ai.go:296.20,298.3 1 0
skill-match/backend/services/ai.go:300.2,304.16 2 0
skill-match/backend/services/ai.go:304.16,309.3 1 0
skill-match/backend/services/ai.go:311.2,313.35 2 0
skill-match/backend/services/ai.go:313.35,314.39 1 0
skill-match/backend/services/ai.go:314.39,316.9 2 0
skill-match/backend/services/ai.go:320.2,320.25 1 0
skill-match/backend/services/ai.go:320.25,324.3 1 0
skill-match/backend/services/ai.go:326.2,327.16 2 0
skill-match/backend/services/ai.go:327.16,332.3 1 0
skill-match/backend/services/ai.go:333.2,339.6 4 0
skill-match/backend/services/ai.go:339.6,342.20 2 0
skill-match/backend/services/ai.go:342.20,343.9 1 0
skill-match/backend/services/ai.go:346.3,346.17 1 0
skill-match/backend/services/ai.go:346.17,351.4 1 0
skill-match/backend/services/ai.go:353.3,353.34 1 0
skill-match/backend/services/ai.go:355.25,357.30 1 0
skill-match/backend/services/ai.go:359.13,365.19 2 0
skill-match/backend/services/ai.go:365.19,370.6 1 0
skill-match/backend/services/ai.go:372.5,372.29 1 0
skill-match/backend/services/ai.go:374.15,375.27 1 0
skill-match/backend/services/ai.go:377.14,378.27 1 0
skill-match/backend/services/ai.go:381.23,384.33 1 0
skill-match/backend/services/ai.go:384.33,386.5 1 0
skill-match/backend/services/ai.go:390.2,390.29 1 0
skill-match/backend/services/auth.go:38.16,43.2 1 0
skill-match/backend/services/auth.go:52.39,55.35 2 0
skill-match/backend/services/auth.go:55.35,57.3 1 0
skill-match/backend/services/auth.go:59.2,59.23 1 0
skill-match/backend/services/auth.go:59.23,61.3 1 0
skill-match/backend/services/auth.go:64.2,66.39 2 0
skill-match/backend/services/auth.go:66.39,68.3 1 0
skill-match/backend/services/auth.go:71.2,72.16 2 0
skill-match/backend/services/auth.go:72.16,74.3 1 0
skill-match/backend/services/auth.go:76.2,87.16 3 0
skill-match/backend/services/auth.go:87.16,89.3 1 0
skill-match/backend/services/auth.go:91.2,92.16 2 0
skill-match/backend/services/auth.go:92.16,94.3 1 0
skill-match/backend/services/auth.go:97.2,99.28 2 0
skill-match/backend/services/auth.go:107.39,111.16 3 0
skill-match/backend/services/auth.go:111.16,113.3 1 0
skill-match/backend/services/auth.go:115.2,115.17 1 0
skill-match/backend/services/auth.go:115.17,117.3 1 0
skill-match/backend/services/auth.go:120.2,120.55 1 0
skill-match/backend/services/auth.go:120.55,122.3 1 0
skill-match/backend/services/auth.go:124.2,128.16 2 0
skill-match/backend/services/auth.go:128.16,130.3 1 0
skill-match/backend/services/auth.go:133.2,135.25 2 0
skill-match/backend/services/resume.go:61.18,66.2 1 0
skill-match/backend/services/resume.go:81.27,89.16 2 0
skill-match/backend/services/resume.go:89.16,94.3 1 0
skill-match/backend/services/resume.go:96.2,98.48 2 0
skill-match/backend/services/resume.go:98.48,103.3 1 0
skill-match/backend/services/resume.go:105.2,109.16 1 0
skill-match/backend/services/resume.go:109.16,111.3 1 0
skill-match/backend/services/resume.go:113.2,134.16 6 0
skill-match/backend/services/resume.go:134.16,140.3 1 0
skill-match/backend/services/resume.go:142.2,157.57 3 0
skill-match/backend/services/resume.go:157.57,166.3 2 0
skill-match/backend/services/resume.go:168.2,168.20 1 0
skill-match/backend/services/resume.go:185.27,191.16 2 0
skill-match/backend/services/resume.go:191.16,197.3 1 0
skill-match/backend/services/resume.go:199.2,199.21 1 0
skill-match/backend/services/resume.go:199.21,201.3 1 0
skill-match/backend/services/resume.go:203.2,203.37 1 0
skill-match/backend/services/resume.go:203.37,205.3 1 0
skill-match/backend/services/resume.go:207.2,213.16 2 0
skill-match/backend/services/resume.go:213.16,218.3 1 0
skill-match/backend/services/resume.go:220.2,222.48 2 0
skill-match/backend/services/resume.go:222.48,227.3 1 0
skill-match/backend/services/resume.go:229.2,233.16 1 0
skill-match/backend/services/resume.go:233.16,235.3 1 0
skill-match/backend/services/resume.go:237.2,259.16 6 0
skill-match/backend/services/resume.go:259.16,265.3 1 0
skill-match/backend/services/resume.go:267.2,280.58 2 0
skill-match/backend/services/resume.go:280.58,288.3 2 0
skill-match/backend/services/resume.go:290.2,290.21 1 0
skill-match/backend/services/resume.go:301.9,308.16 2 0
skill-match/backend/services/resume.go:308.16,309.40 1 0
skill-match/backend/services/resume.go:309.40,311.4 1 0
skill-match/backend/services/resume.go:313.3,317.4 1 0
skill-match/backend/services/resume.go:320.2,320.19 1 0
skill-match/backend/services/resume.go:320.19,322.3 1 0
skill-match/backend/services/resume.go:325.2,325.29 1 0
skill-match/backend/services/resume.go:325.29,327.3 1 0
skill-match/backend/services/resume.go:330.2,333.17 2 0
skill-match/backend/services/resume.go:333.17,334.54 1 0
skill-match/backend/services/resume.go:334.54,340.4 1 0
skill-match/backend/services/resume.go:344.2,344.59 1 0
skill-match/backend/services/resume.go:344.59,350.3 1 0
skill-match/backend/services/resume.go:352.2,352.12 1 0
skill-match/backend/services/resume.go:357.53,358.19 1 0
skill-match/backend/services/resume.go:358.19,360.3 1 0
skill-match/backend/services/resume.go:362.2,363.38 1 0
skill-match/backend/services/resume.go:363.38,365.3 1 0
skill-match/backend/services/resume.go:367.2,371.21 2 0
skill-match/backend/services/resume.go:371.21,375.3 1 0
skill-match/backend/services/resume.go:383.2,383.25 1 0
skill-match/backend/services/resume.go:383.25,390.3 1 0
skill-match/backend/services/resume.go:392.2,398.3 1 0
skill-match/backend/services/resume.go:401.55,402.36 1 0
skill-match/backend/services/resume.go:403.14,404.27 1 0
skill-match/backend/services/resume.go:406.15,407.83 1 0
skill-match/backend/services/resume.go:409.10,410.36 1 0
